Determining if the pthread_create exist failed with the following output:
Change Dir: /home/silen/Silen/Workspace/CPP/Clion_Project/build/CMakeFiles/CMakeTmp

Run Build Command:"/usr/bin/make" "cmTC_1f23b/fast"
/usr/bin/make -f CMakeFiles/cmTC_1f23b.dir/build.make CMakeFiles/cmTC_1f23b.dir/build
make[1]: Entering directory '/home/silen/Silen/Workspace/CPP/Clion_Project/build/CMakeFiles/CMakeTmp'
Building C object CMakeFiles/cmTC_1f23b.dir/CheckSymbolExists.c.o
/usr/bin/cc    -o CMakeFiles/cmTC_1f23b.dir/CheckSymbolExists.c.o   -c /home/silen/Silen/Workspace/CPP/Clion_Project/build/CMakeFiles/CMakeTmp/CheckSymbolExists.c
Linking C executable cmTC_1f23b
/usr/silen-Software/clion/clion-2018.1/bin/cmake/bin/cmake -E cmake_link_script CMakeFiles/cmTC_1f23b.dir/link.txt --verbose=1
/usr/bin/cc      CMakeFiles/cmTC_1f23b.dir/CheckSymbolExists.c.o  -o cmTC_1f23b 
CMakeFiles/cmTC_1f23b.dir/CheckSymbolExists.c.o: In function `main':
CheckSymbolExists.c:(.text+0x1b): undefined reference to `pthread_create'
collect2: error: ld returned 1 exit status
CMakeFiles/cmTC_1f23b.dir/build.make:97: recipe for target 'cmTC_1f23b' failed
make[1]: *** [cmTC_1f23b] Error 1
make[1]: Leaving directory '/home/silen/Silen/Workspace/CPP/Clion_Project/build/CMakeFiles/CMakeTmp'
Makefile:126: recipe for target 'cmTC_1f23b/fast' failed
make: *** [cmTC_1f23b/fast] Error 2

File /home/silen/Silen/Workspace/CPP/Clion_Project/build/CMakeFiles/CMakeTmp/CheckSymbolExists.c:
/* */
#include <pthread.h>

int main(int argc, char** argv)
{
  (void)argv;
#ifndef pthread_create
  return ((int*)(&pthread_create))[argc];
#else
  (void)argc;
  return 0;
#endif
}

Determining if the function pthread_create exists in the pthreads failed with the following output:
Change Dir: /home/silen/Silen/Workspace/CPP/Clion_Project/build/CMakeFiles/CMakeTmp

Run Build Command:"/usr/bin/make" "cmTC_7cc65/fast"
/usr/bin/make -f CMakeFiles/cmTC_7cc65.dir/build.make CMakeFiles/cmTC_7cc65.dir/build
make[1]: Entering directory '/home/silen/Silen/Workspace/CPP/Clion_Project/build/CMakeFiles/CMakeTmp'
Building C object CMakeFiles/cmTC_7cc65.dir/CheckFunctionExists.c.o
/usr/bin/cc   -DCHECK_FUNCTION_EXISTS=pthread_create   -o CMakeFiles/cmTC_7cc65.dir/CheckFunctionExists.c.o   -c /usr/silen-Software/clion/clion-2018.1/bin/cmake/share/cmake-3.10/Modules/CheckFunctionExists.c
Linking C executable cmTC_7cc65
/usr/silen-Software/clion/clion-2018.1/bin/cmake/bin/cmake -E cmake_link_script CMakeFiles/cmTC_7cc65.dir/link.txt --verbose=1
/usr/bin/cc  -DCHECK_FUNCTION_EXISTS=pthread_create    CMakeFiles/cmTC_7cc65.dir/CheckFunctionExists.c.o  -o cmTC_7cc65 -lpthreads 
/usr/bin/ld: cannot find -lpthreads
collect2: error: ld returned 1 exit status
CMakeFiles/cmTC_7cc65.dir/build.make:97: recipe for target 'cmTC_7cc65' failed
make[1]: *** [cmTC_7cc65] Error 1
make[1]: Leaving directory '/home/silen/Silen/Workspace/CPP/Clion_Project/build/CMakeFiles/CMakeTmp'
Makefile:126: recipe for target 'cmTC_7cc65/fast' failed
make: *** [cmTC_7cc65/fast] Error 2


